c:\openglproject\kermod4graphics\kermod4graphics\x64\debug\vc143.pdb
c:\openglproject\kermod4graphics\kermod4graphics\x64\debug\vc143.idb
c:\openglproject\kermod4graphics\kermod4graphics\x64\debug\glad.obj
c:\openglproject\kermod4graphics\kermod4graphics\x64\debug\main.obj
c:\openglproject\kermod4graphics\x64\debug\assimp-vc143-mtd.dll
c:\openglproject\kermod4graphics\x64\debug\poly2tri.dll
c:\openglproject\kermod4graphics\x64\debug\minizip.dll
c:\openglproject\kermod4graphics\x64\debug\zlibd1.dll
c:\openglproject\kermod4graphics\x64\debug\pugixml.dll
c:\openglproject\kermod4graphics\x64\debug\kermod4graphics.exe
c:\openglproject\kermod4graphics\x64\debug\kermod4graphics.pdb
c:\openglproject\kermod4graphics\kermod4graphics\x64\debug\kermod4graphics.ilk
c:\openglproject\kermod4graphics\kermod4graphics\x64\debug\kermod4graphics.tlog\cl.command.1.tlog
c:\openglproject\kermod4graphics\kermod4graphics\x64\debug\kermod4graphics.tlog\cl.items.tlog
c:\openglproject\kermod4graphics\kermod4graphics\x64\debug\kermod4graphics.tlog\cl.read.1.tlog
c:\openglproject\kermod4graphics\kermod4graphics\x64\debug\kermod4graphics.tlog\cl.write.1.tlog
c:\openglproject\kermod4graphics\kermod4graphics\x64\debug\kermod4graphics.tlog\kermod4graphics.write.1u.tlog
c:\openglproject\kermod4graphics\kermod4graphics\x64\debug\kermod4graphics.tlog\link.command.1.tlog
c:\openglproject\kermod4graphics\kermod4graphics\x64\debug\kermod4graphics.tlog\link.read.1.tlog
c:\openglproject\kermod4graphics\kermod4graphics\x64\debug\kermod4graphics.tlog\link.secondary.1.tlog
c:\openglproject\kermod4graphics\kermod4graphics\x64\debug\kermod4graphics.tlog\link.write.1.tlog
