  glad.c
  Main.cpp
C:\OpenGlProject\Kermod4Graphics\Main.cpp(115,11): warning C4244: 'initializing': conversion from 'double' to 'float', possible loss of data
C:\OpenGlProject\Kermod4Graphics\Main.cpp(440,14): warning C4244: 'initializing': conversion from 'std::streamoff' to 'int', possible loss of data
  Generating code
  Previous IPDB not found, fall back to full compilation.
  All 779 functions were compiled because no usable IPDB/IOBJ from previous compilation was found.
  Finished generating code
  Kermod4Graphics.vcxproj -> C:\OpenGlProject\Kermod4Graphics\x64\Release\Kermod4Graphics.exe
  'pwsh.exe' is not recognized as an internal or external command,
  operable program or batch file.
  C:\OpenGlProject\Kermod4Graphics\\resources\models\backpack\ao.jpg
  C:\OpenGlProject\Kermod4Graphics\\resources\models\backpack\backpack.mtl
  C:\OpenGlProject\Kermod4Graphics\\resources\models\backpack\backpack.obj
  C:\OpenGlProject\Kermod4Graphics\\resources\models\backpack\diffuse.jpg
  C:\OpenGlProject\Kermod4Graphics\\resources\models\backpack\normal.png
  C:\OpenGlProject\Kermod4Graphics\\resources\models\backpack\roughness.jpg
  C:\OpenGlProject\Kermod4Graphics\\resources\models\backpack\source_attribution.txt
  C:\OpenGlProject\Kermod4Graphics\\resources\models\backpack\specular.jpg
  C:\OpenGlProject\Kermod4Graphics\\resources\Shaders\model.fs
  C:\OpenGlProject\Kermod4Graphics\\resources\Shaders\model.vs
  C:\OpenGlProject\Kermod4Graphics\\resources\Shaders\SimpleFragment.shader
  C:\OpenGlProject\Kermod4Graphics\\resources\Shaders\SimpleVertex.shader
  C:\OpenGlProject\Kermod4Graphics\\resources\Shaders\skyFragment.shader
  C:\OpenGlProject\Kermod4Graphics\\resources\Shaders\skyVertex.shader
  C:\OpenGlProject\Kermod4Graphics\\resources\Shaders\terrainFragment.shader
  C:\OpenGlProject\Kermod4Graphics\\resources\Shaders\terrainVertex.shader
  C:\OpenGlProject\Kermod4Graphics\\resources\textures\container2.png
  C:\OpenGlProject\Kermod4Graphics\\resources\textures\container2_Normal.png
  C:\OpenGlProject\Kermod4Graphics\\resources\textures\dirt.jpg
  C:\OpenGlProject\Kermod4Graphics\\resources\textures\grass.png
  C:\OpenGlProject\Kermod4Graphics\\resources\textures\Heightmap2.png
  C:\OpenGlProject\Kermod4Graphics\\resources\textures\heightnormal.png
  C:\OpenGlProject\Kermod4Graphics\\resources\textures\rock.jpg
  C:\OpenGlProject\Kermod4Graphics\\resources\textures\sand.jpg
  C:\OpenGlProject\Kermod4Graphics\\resources\textures\snow.jpg
  C:\OpenGlProject\Kermod4Graphics\\resources\textures\planets\2k_moon.jpg
  C:\OpenGlProject\Kermod4Graphics\\resources\textures\planets\clouds.jpg
  C:\OpenGlProject\Kermod4Graphics\\resources\textures\planets\day.jpg
  C:\OpenGlProject\Kermod4Graphics\\resources\textures\planets\night.jpg
  C:\OpenGlProject\Kermod4Graphics\\resources\textures\planets\space-cubemap.zip
  30 File(s) copied
