c:\openglproject\kermod4graphics\kermod4graphics\x64\release\vc143.pdb
c:\openglproject\kermod4graphics\kermod4graphics\x64\release\glad.obj
c:\openglproject\kermod4graphics\kermod4graphics\x64\release\main.obj
c:\openglproject\kermod4graphics\x64\release\assimp-vc143-mt.dll
c:\openglproject\kermod4graphics\x64\release\poly2tri.dll
c:\openglproject\kermod4graphics\x64\release\minizip.dll
c:\openglproject\kermod4graphics\x64\release\zlib1.dll
c:\openglproject\kermod4graphics\x64\release\pugixml.dll
c:\openglproject\kermod4graphics\x64\release\kermod4graphics.exe
c:\openglproject\kermod4graphics\x64\release\kermod4graphics.pdb
c:\openglproject\kermod4graphics\kermod4graphics\x64\release\kermod4graphics.ipdb
c:\openglproject\kermod4graphics\kermod4graphics\x64\release\kermod4graphics.iobj
c:\openglproject\kermod4graphics\kermod4graphics\x64\release\kermod4graphics.tlog\cl.command.1.tlog
c:\openglproject\kermod4graphics\kermod4graphics\x64\release\kermod4graphics.tlog\cl.read.1.tlog
c:\openglproject\kermod4graphics\kermod4graphics\x64\release\kermod4graphics.tlog\cl.write.1.tlog
c:\openglproject\kermod4graphics\kermod4graphics\x64\release\kermod4graphics.tlog\kermod4graphics.write.1u.tlog
c:\openglproject\kermod4graphics\kermod4graphics\x64\release\kermod4graphics.tlog\link.command.1.tlog
c:\openglproject\kermod4graphics\kermod4graphics\x64\release\kermod4graphics.tlog\link.read.1.tlog
c:\openglproject\kermod4graphics\kermod4graphics\x64\release\kermod4graphics.tlog\link.secondary.1.tlog
c:\openglproject\kermod4graphics\kermod4graphics\x64\release\kermod4graphics.tlog\link.write.1.tlog
